<?xml version="1.0" encoding="utf-8"?><testsuites name="pytest tests"><testsuite name="pytest" errors="0" failures="0" skipped="0" tests="31" time="5.151" timestamp="2026-08-29T19:36:59.768620+00:00" hostname="agent-env-fb859851-351c-4638-938b-e0aa64135829"><testcase classname="tests.test_token_refresh.TestTokenRefresh" name="test_expired_access_returns_401_token_expirado" time="0.982" /><testcase classname="tests.backend_test.TestLaunchToken" name="test_launch_token_success_and_claims" time="1.057" /><testcase classname="tests.test_token_refresh.TestTokenRefresh" name="test_expired_access_valid_refresh_recovers" time="0.408" /><testcase classname="tests.backend_test.TestLaunchToken" name="test_launch_token_rejects_invalid_signature" time="0.072" /><testcase classname="tests.backend_test.TestLaunchToken" name="test_role_from_frontend_not_authoritative" time="0.109" /><testcase classname="tests.backend_test.TestLaunchToken" name="test_role_always_server_derived_even_for_whitelisted_value" time="0.075" /><testcase classname="tests.backend_test.TestLaunchToken" name="test_module_not_active_returns_400" time="0.113" /><testcase classname="tests.test_token_refresh.TestTokenRefresh" name="test_refresh_without_cookie_401" time="0.157" /><testcase classname="tests.backend_test.TestLaunchToken" name="test_module_in_dev_never_activated_returns_400" time="0.074" /><testcase classname="tests.backend_test.TestLaunchToken" name="test_tenant_not_found_404" time="0.157" /><testcase classname="tests.test_token_refresh.TestTokenRefresh" name="test_refresh_with_expired_refresh_token_401" time="0.175" /><testcase classname="tests.backend_test.TestLaunchToken" name="test_unknown_module_404" time="0.073" /><testcase classname="tests.test_token_refresh.TestTokenRefresh" name="test_refresh_rejects_access_token_as_refresh" time="0.157" /><testcase classname="tests.backend_test.TestLaunchToken" name="test_unauthenticated_401" time="0.203" /><testcase classname="tests.test_token_refresh.TestTokenRefresh" name="test_refresh_rejects_bad_signature" time="0.202" /><testcase classname="tests.backend_test.TestLaunchToken" name="test_jti_unique_per_call" time="0.183" /><testcase classname="tests.test_token_refresh.TestTokenRefresh" name="test_refresh_rejects_stale_token_version" time="0.163" /><testcase classname="tests.backend_test.TestLaunchToken" name="test_activity_log_records_launch_token" time="1.153" /><testcase classname="tests.test_token_refresh.TestTokenRefresh" name="test_login_sets_httponly_secure_cookies" time="0.376" /><testcase classname="tests.test_token_refresh.TestTokenRefresh" name="test_logout_clears_cookies_and_me_401" time="0.583" /><testcase classname="tests.backend_test.TestRegression" name="test_login_and_me" time="0.068" /><testcase classname="tests.backend_test.TestPublicModuleStatus" name="test_no_key_401" time="0.090" /><testcase classname="tests.backend_test.TestRegression" name="test_login_wrong_password_401" time="0.430" /><testcase classname="tests.backend_test.TestPublicModuleStatus" name="test_wrong_key_401" time="0.075" /><testcase classname="tests.backend_test.TestPublicModuleStatus" name="test_correct_key_active_true" time="0.269" /><testcase classname="tests.backend_test.TestRegression" name="test_dashboard_stats" time="0.079" /><testcase classname="tests.backend_test.TestPublicModuleStatus" name="test_tenant_not_found_404_before_key_check" time="0.110" /><testcase classname="tests.backend_test.TestRegression" name="test_modules_catalog" time="0.071" /><testcase classname="tests.backend_test.TestPublicModuleStatus" name="test_unknown_module_404" time="0.070" /><testcase classname="tests.backend_test.TestRegression" name="test_tenant_crud" time="0.789" /><testcase classname="tests.backend_test.TestPublicModuleStatus" name="test_module_without_configured_key_401" time="0.079" /></testsuite></testsuites>