<?xml version="1.0" encoding="utf-8"?><testsuites name="pytest tests"><testsuite name="pytest" errors="0" failures="1" skipped="0" tests="22" time="4.022" timestamp="2026-08-29T16:58:24.912338+00:00" hostname="agent-env-fb859851-351c-4638-938b-e0aa64135829"><testcase classname="tests.backend_test.TestLaunchToken" name="test_launch_token_success_and_claims" time="0.958"><failure message="KeyError: 'module_key'">tests/backend_test.py:15: in test_launch_token_success_and_claims
    orders = [m for m in mods if m["module_key"] == "orders" or m.get("key") == "orders"][0]
             ^^^^^^^^^^^^^^^^^^^^^^^^^^^^^^^^^^^^^^^^^^^^^^^^^^^^^^^^^^^^^^^^^^^^^^^^^^^^
tests/backend_test.py:15: in &lt;listcomp&gt;
    orders = [m for m in mods if m["module_key"] == "orders" or m.get("key") == "orders"][0]
                                 ^^^^^^^^^^^^^^^
E   KeyError: 'module_key'</failure></testcase><testcase classname="tests.backend_test.TestPublicModuleStatus" name="test_no_key_401" time="1.040" /><testcase classname="tests.backend_test.TestLaunchToken" name="test_launch_token_rejects_invalid_signature" time="0.083" /><testcase classname="tests.backend_test.TestPublicModuleStatus" name="test_wrong_key_401" time="0.073" /><testcase classname="tests.backend_test.TestLaunchToken" name="test_role_from_frontend_not_authoritative" time="0.117" /><testcase classname="tests.backend_test.TestPublicModuleStatus" name="test_correct_key_active_true" time="0.073" /><testcase classname="tests.backend_test.TestLaunchToken" name="test_role_whitelisted_value_accepted" time="0.143" /><testcase classname="tests.backend_test.TestPublicModuleStatus" name="test_tenant_not_found_404_before_key_check" time="0.079" /><testcase classname="tests.backend_test.TestPublicModuleStatus" name="test_unknown_module_404" time="0.125" /><testcase classname="tests.backend_test.TestLaunchToken" name="test_module_not_active_returns_400" time="0.085" /><testcase classname="tests.backend_test.TestPublicModuleStatus" name="test_module_without_configured_key_401" time="0.075" /><testcase classname="tests.backend_test.TestLaunchToken" name="test_module_in_dev_never_activated_returns_400" time="0.123" /><testcase classname="tests.backend_test.TestRegression" name="test_login_and_me" time="0.073" /><testcase classname="tests.backend_test.TestLaunchToken" name="test_tenant_not_found_404" time="0.168" /><testcase classname="tests.backend_test.TestRegression" name="test_login_wrong_password_401" time="0.386" /><testcase classname="tests.backend_test.TestLaunchToken" name="test_unknown_module_404" time="0.224" /><testcase classname="tests.backend_test.TestRegression" name="test_dashboard_stats" time="0.079" /><testcase classname="tests.backend_test.TestLaunchToken" name="test_unauthenticated_401" time="0.161" /><testcase classname="tests.backend_test.TestRegression" name="test_modules_catalog" time="0.072" /><testcase classname="tests.backend_test.TestRegression" name="test_tenant_crud" time="0.783" /><testcase classname="tests.backend_test.TestLaunchToken" name="test_jti_unique_per_call" time="0.243" /><testcase classname="tests.backend_test.TestLaunchToken" name="test_activity_log_records_launch_token" time="1.157" /></testsuite></testsuites>